<?xml version="1.0" encoding="UTF-8"?>
<testng-results skipped="0" failed="1" ignored="0" total="1" passed="0">
  <reporter-output>
  </reporter-output>
  <suite name="Default suite" duration-ms="99471" started-at="2023-05-16T14:36:27 IST" finished-at="2023-05-16T14:38:07 IST">
    <groups>
      <group name="ToBeExecutedAlways">
        <method signature="TC_002_RedemptionFlowDDT.verifyInvestorAbleToCreateNewAccount(java.lang.String, java.lang.String, java.lang.String, java.lang.String, java.lang.String, java.lang.String)[pri:1, instance:com.qa.test.suite.TC_002_RedemptionFlowDDT@907f2b7]" name="verifyInvestorAbleToCreateNewAccount" class="com.qa.test.suite.TC_002_RedemptionFlowDDT"/>
      </group> <!-- ToBeExecutedAlways -->
      <group name="Regression">
        <method signature="TC_002_RedemptionFlowDDT.verifyInvestorAbleToCreateNewAccount(java.lang.String, java.lang.String, java.lang.String, java.lang.String, java.lang.String, java.lang.String)[pri:1, instance:com.qa.test.suite.TC_002_RedemptionFlowDDT@907f2b7]" name="verifyInvestorAbleToCreateNewAccount" class="com.qa.test.suite.TC_002_RedemptionFlowDDT"/>
      </group> <!-- Regression -->
      <group name="TS_001-TC_001">
        <method signature="TC_002_RedemptionFlowDDT.verifyInvestorAbleToCreateNewAccount(java.lang.String, java.lang.String, java.lang.String, java.lang.String, java.lang.String, java.lang.String)[pri:1, instance:com.qa.test.suite.TC_002_RedemptionFlowDDT@907f2b7]" name="verifyInvestorAbleToCreateNewAccount" class="com.qa.test.suite.TC_002_RedemptionFlowDDT"/>
      </group> <!-- TS_001-TC_001 -->
      <group name="Redemption Flow">
        <method signature="TC_002_RedemptionFlowDDT.verifyInvestorAbleToCreateNewAccount(java.lang.String, java.lang.String, java.lang.String, java.lang.String, java.lang.String, java.lang.String)[pri:1, instance:com.qa.test.suite.TC_002_RedemptionFlowDDT@907f2b7]" name="verifyInvestorAbleToCreateNewAccount" class="com.qa.test.suite.TC_002_RedemptionFlowDDT"/>
      </group> <!-- Redemption Flow -->
    </groups>
    <test name="Default test" duration-ms="99471" started-at="2023-05-16T14:36:27 IST" finished-at="2023-05-16T14:38:07 IST">
      <class name="com.qa.test.suite.TC_002_RedemptionFlowDDT">
        <test-method status="FAIL" signature="verifyInvestorAbleToCreateNewAccount(java.lang.String, java.lang.String, java.lang.String, java.lang.String, java.lang.String, java.lang.String)[pri:1, instance:com.qa.test.suite.TC_002_RedemptionFlowDDT@907f2b7]" name="verifyInvestorAbleToCreateNewAccount" duration-ms="95986" started-at="2023-05-16T14:36:29 IST" description="TS_001-TC_001_Redemption: To verify Investor is able to withdraw the amount" data-provider="InvestorDetails" finished-at="2023-05-16T14:38:05 IST">
          <params>
            <param index="0">
              <value>
                <![CDATA[ROHITJANGAM]]>
              </value>
            </param>
            <param index="1">
              <value>
                <![CDATA[Rohit@45]]>
              </value>
            </param>
            <param index="2">
              <value>
                <![CDATA[3853411]]>
              </value>
            </param>
            <param index="3">
              <value>
                <![CDATA[Bandhan Liquid Fund - Direct Plan - Growth]]>
              </value>
            </param>
            <param index="4">
              <value>
                <![CDATA[Amount]]>
              </value>
            </param>
            <param index="5">
              <value>
                <![CDATA[500]]>
              </value>
            </param>
          </params>
          <exception class="java.lang.AssertionError">
            <message>
              <![CDATA[Error Message :Amount cannot exceed the value of clear units available for redemption. Please re-enter]]>
            </message>
            <full-stacktrace>
              <![CDATA[java.lang.AssertionError: Error Message :Amount cannot exceed the value of clear units available for redemption. Please re-enter
at org.testng.Assert.fail(Assert.java:97)
at com.qa.test.pageobject.LoginPage.selectRedemptionValue(LoginPage.java:403)
at com.qa.test.suite.TC_002_RedemptionFlowDDT.verifyInvestorAbleToCreateNewAccount(TC_002_RedemptionFlowDDT.java:77)
at sun.reflect.NativeMethodAccessorImpl.invoke0(Native Method)
at sun.reflect.NativeMethodAccessorImpl.invoke(NativeMethodAccessorImpl.java:62)
at sun.reflect.DelegatingMethodAccessorImpl.invoke(DelegatingMethodAccessorImpl.java:43)
at java.lang.reflect.Method.invoke(Method.java:498)
at org.testng.internal.MethodInvocationHelper.invokeMethod(MethodInvocationHelper.java:133)
at org.testng.internal.TestInvoker.invokeMethod(TestInvoker.java:584)
at org.testng.internal.TestInvoker.invokeTestMethod(TestInvoker.java:172)
at org.testng.internal.MethodRunner.runInSequence(MethodRunner.java:46)
at org.testng.internal.TestInvoker$MethodInvocationAgent.invoke(TestInvoker.java:804)
at org.testng.internal.TestInvoker.invokeTestMethods(TestInvoker.java:145)
at org.testng.internal.TestMethodWorker.invokeTestMethods(TestMethodWorker.java:146)
at org.testng.internal.TestMethodWorker.run(TestMethodWorker.java:128)
at java.util.ArrayList.forEach(ArrayList.java:1259)
at org.testng.TestRunner.privateRun(TestRunner.java:770)
at org.testng.TestRunner.run(TestRunner.java:591)
at org.testng.SuiteRunner.runTest(SuiteRunner.java:402)
at org.testng.SuiteRunner.runSequentially(SuiteRunner.java:396)
at org.testng.SuiteRunner.privateRun(SuiteRunner.java:355)
at org.testng.SuiteRunner.run(SuiteRunner.java:304)
at org.testng.SuiteRunnerWorker.runSuite(SuiteRunnerWorker.java:53)
at org.testng.SuiteRunnerWorker.run(SuiteRunnerWorker.java:96)
at org.testng.TestNG.runSuitesSequentially(TestNG.java:1180)
at org.testng.TestNG.runSuitesLocally(TestNG.java:1102)
at org.testng.TestNG.runSuites(TestNG.java:1032)
at org.testng.TestNG.run(TestNG.java:1000)
at org.testng.remote.AbstractRemoteTestNG.run(AbstractRemoteTestNG.java:115)
at org.testng.remote.RemoteTestNG.initAndRun(RemoteTestNG.java:251)
at org.testng.remote.RemoteTestNG.main(RemoteTestNG.java:77)
]]>
            </full-stacktrace>
          </exception> <!-- java.lang.AssertionError -->
          <reporter-output>
          </reporter-output>
        </test-method> <!-- verifyInvestorAbleToCreateNewAccount -->
      </class> <!-- com.qa.test.suite.TC_002_RedemptionFlowDDT -->
    </test> <!-- Default test -->
  </suite> <!-- Default suite -->
</testng-results>
